[EFX-0007 VERI-WARNING] (/home/ylloo/project/sw/external/efinity/2018.0/project/helloworld/helloworld.v 66) expression size 32 truncated to fit in target size 13 (VERI-1209)
[EFX-0007 VERI-WARNING] (/home/ylloo/project/sw/external/efinity/2018.0/project/helloworld/helloworld.v 69) expression size 14 truncated to fit in target size 13 (VERI-1209)
[EFX-0007 VERI-WARNING] (/home/ylloo/project/sw/external/efinity/2018.0/project/helloworld/helloworld.v 36) net 'mem' does not have a driver (VDB-1002)
[EFX-0007 VERI-WARNING] (/home/ylloo/project/sw/external/efinity/2018.0/project/helloworld/helloworld.v 66) expression size 32 truncated to fit in target size 13 (VERI-1209)
[EFX-0007 VERI-WARNING] (/home/ylloo/project/sw/external/efinity/2018.0/project/helloworld/helloworld.v 69) expression size 14 truncated to fit in target size 13 (VERI-1209)
[EFX-0007 VERI-WARNING] (/home/ylloo/project/sw/external/efinity/2018.0/project/helloworld/helloworld.v 36) net 'mem' does not have a driver (VDB-1002)
[EFX-0007 VERI-WARNING] (/home/ylloo/project/sw/external/efinity/2018.0/project/multiple_image_programming/helloworld/helloworld.v 66) expression size 32 truncated to fit in target size 13 (VERI-1209)
[EFX-0007 VERI-WARNING] (/home/ylloo/project/sw/external/efinity/2018.0/project/multiple_image_programming/helloworld/helloworld.v 69) expression size 14 truncated to fit in target size 13 (VERI-1209)
[EFX-0007 VERI-WARNING] (/home/ylloo/project/sw/external/efinity/2018.0/project/multiple_image_programming/helloworld/helloworld.v 36) net 'mem' does not have a driver (VDB-1002)
[EFX-0007 VERI-WARNING] (/home/ylloo/project/sw/external/efinity/2018.0/project/multiple_image_programming/helloworld/helloworld.v 66) expression size 32 truncated to fit in target size 22 (VERI-1209)
[EFX-0007 VERI-WARNING] (/home/ylloo/project/sw/external/efinity/2018.0/project/multiple_image_programming/helloworld/helloworld.v 69) expression size 23 truncated to fit in target size 22 (VERI-1209)
[EFX-0007 VERI-WARNING] (/home/ylloo/project/sw/external/efinity/2018.0/project/multiple_image_programming/helloworld/helloworld.v 36) net 'mem' does not have a driver (VDB-1002)
[EFX-0007 VERI-WARNING] (/home/ylloo/project/sw/external/efinity/2018.0/project/multiple_image_programming/helloworld/helloworld.v 36) net 'mem' does not have a driver (VDB-1002)
[EFX-0007 VERI-WARNING] (/home/ylloo/project/sw/external/efinity/2018.0/project/multiple_image_programming/helloworld/helloworld.v 27) result of this ** operation does not fit in 32 bits (VERI-2145)
[EFX-0007 VERI-WARNING] (/home/ylloo/project/sw/external/efinity/2018.0/project/multiple_image_programming/helloworld/helloworld.v 36) net 'mem' does not have a driver (VDB-1002)
[EFX-0007 VERI-WARNING] (/home/ylloo/project/sw/external/efinity/2018.0/project/multiple_image_programming/helloworld/helloworld.v 66) expression size 32 truncated to fit in target size 14 (VERI-1209)
[EFX-0007 VERI-WARNING] (/home/ylloo/project/sw/external/efinity/2018.0/project/multiple_image_programming/helloworld/helloworld.v 69) expression size 15 truncated to fit in target size 14 (VERI-1209)
[EFX-0007 VERI-WARNING] (/home/ylloo/project/sw/external/efinity/2018.0/project/multiple_image_programming/helloworld/helloworld.v 36) net 'mem' does not have a driver (VDB-1002)
[EFX-0007 VERI-WARNING] (/home/ylloo/project/sw/external/efinity/2018.0/project/multiple_image_programming/helloworld/helloworld.v 66) expression size 32 truncated to fit in target size 16 (VERI-1209)
[EFX-0007 VERI-WARNING] (/home/ylloo/project/sw/external/efinity/2018.0/project/multiple_image_programming/helloworld/helloworld.v 69) expression size 17 truncated to fit in target size 16 (VERI-1209)
[EFX-0007 VERI-WARNING] (/home/ylloo/project/sw/external/efinity/2018.0/project/multiple_image_programming/helloworld/helloworld.v 36) net 'mem' does not have a driver (VDB-1002)
[EFX-0007 VERI-WARNING] (/home/ylloo/project/sw/external/efinity/2018.0/project/multiple_image_programming/helloworld/helloworld.v 66) expression size 32 truncated to fit in target size 13 (VERI-1209)
[EFX-0007 VERI-WARNING] (/home/ylloo/project/sw/external/efinity/2018.0/project/multiple_image_programming/helloworld/helloworld.v 69) expression size 14 truncated to fit in target size 13 (VERI-1209)
[EFX-0007 VERI-WARNING] (/home/ylloo/project/sw/external/efinity/2018.0/project/multiple_image_programming/helloworld/helloworld.v 36) net 'mem' does not have a driver (VDB-1002)
[EFX-0007 VERI-WARNING] (/home/ylloo/project/sw/external/efinity/2018.0/project/multiple_image_programming/helloworld/helloworld.v 67) expression size 32 truncated to fit in target size 13 (VERI-1209)
[EFX-0007 VERI-WARNING] (/home/ylloo/project/sw/external/efinity/2018.0/project/multiple_image_programming/helloworld/helloworld.v 36) net 'mem' does not have a driver (VDB-1002)
[EFX-0007 VERI-WARNING] Input/Inout Port reverse is unconnected and will be removed
[EFX-0007 VERI-WARNING] (/home/ylloo/project/sw/external/efinity/2018.0/project/multiple_image_programming/helloworld/helloworld.v 67) expression size 32 truncated to fit in target size 13 (VERI-1209)
[EFX-0007 VERI-WARNING] (/home/ylloo/project/sw/external/efinity/2018.0/project/multiple_image_programming/helloworld/helloworld.v 36) net 'mem' does not have a driver (VDB-1002)
[EFX-0007 VERI-WARNING] Input/Inout Port reverse is unconnected and will be removed
[EFX-0007 VERI-WARNING] (/home/ylloo/project/sw/external/efinity/2018.0/project/multiple_image_programming/helloworld/helloworld.v 67) expression size 32 truncated to fit in target size 13 (VERI-1209)
[EFX-0007 VERI-WARNING] (/home/ylloo/project/sw/external/efinity/2018.0/project/multiple_image_programming/helloworld/helloworld.v 36) net 'mem' does not have a driver (VDB-1002)
[EFX-0007 VERI-WARNING] (/home/ylloo/project/sw/external/efinity/2018.0/project/multiple_image_programming/helloworld/helloworld.v 67) expression size 32 truncated to fit in target size 13 (VERI-1209)
[EFX-0007 VERI-WARNING] (/home/ylloo/project/sw/external/efinity/2018.0/project/multiple_image_programming/helloworld/helloworld.v 36) net 'mem' does not have a driver (VDB-1002)
[EFX-0007 VERI-WARNING] (/home/ylloo/project/sw/external/efinity/2018.0/project/multiple_image_programming/helloworld/helloworld.v 67) expression size 32 truncated to fit in target size 13 (VERI-1209)
[EFX-0007 VERI-WARNING] (/home/ylloo/project/sw/external/efinity/2018.0/project/multiple_image_programming/helloworld/helloworld.v 36) net 'mem' does not have a driver (VDB-1002)
[EFX-0007 VERI-WARNING] (/home/ylloo/project/sw/external/efinity/2018.0/project/multiple_image_programming/helloworld/helloworld.v 70) expression size 14 truncated to fit in target size 13 (VERI-1209)
[EFX-0007 VERI-WARNING] (/home/ylloo/project/sw/external/efinity/2018.0/project/multiple_image_programming/helloworld/helloworld.v 36) net 'mem' does not have a driver (VDB-1002)
[EFX-0007 VERI-WARNING] (/home/ylloo/project/sw/external/efinity/2018.0/project/multiple_image_programming/helloworld/helloworld.v 70) expression size 17 truncated to fit in target size 16 (VERI-1209)
[EFX-0007 VERI-WARNING] (/home/ylloo/project/sw/external/efinity/2018.0/project/multiple_image_programming/helloworld/helloworld.v 36) net 'mem' does not have a driver (VDB-1002)
[EFX-0007 VERI-WARNING] (C:/Efinity/2018.4/project/multiple_image_programming/helloworld/helloworld.v 70) expression size 17 truncated to fit in target size 16 (VERI-1209)
[EFX-0007 VERI-WARNING] (C:/Efinity/2018.4/project/multiple_image_programming/helloworld/helloworld.v 36) net 'mem' does not have a driver (VDB-1002)
[EFX-0007 VERI-WARNING] (C:/Efinity/2018.4/project/multiple_image_programming/helloworld/helloworld.v 70) expression size 17 truncated to fit in target size 16 (VERI-1209)
[EFX-0007 VERI-WARNING] (C:/Efinity/2018.4/project/multiple_image_programming/helloworld/helloworld.v 36) net 'mem' does not have a driver (VDB-1002)
[EFX-0007 VERI-WARNING] (C:/Efinity/2018.4/project/multiple_image_programming/helloworld/helloworld.v 70) expression size 17 truncated to fit in target size 16 (VERI-1209)
[EFX-0007 VERI-WARNING] (C:/Efinity/2018.4/project/multiple_image_programming/helloworld/helloworld.v 36) net 'mem' does not have a driver (VDB-1002)
[EFX-0007 VERI-WARNING] (C:/Efinity/2018.4/project/multiple_image_programming/helloworld/helloworld.v 70) expression size 17 truncated to fit in target size 16 (VERI-1209)
[EFX-0007 VERI-WARNING] (C:/Efinity/2018.4/project/multiple_image_programming/helloworld/helloworld.v 36) net 'mem' does not have a driver (VDB-1002)
[EFX-0007 VERI-WARNING] (C:/Efinity/2018.4/project/multiple_image_programming/helloworld/helloworld.v 70) expression size 19 truncated to fit in target size 18 (VERI-1209)
[EFX-0007 VERI-WARNING] (C:/Efinity/2018.4/project/multiple_image_programming/helloworld/helloworld.v 36) net 'mem' does not have a driver (VDB-1002)
[EFX-0007 VERI-WARNING] (C:/Efinity/2018.4/project/multiple_image_programming/helloworld/helloworld.v 70) expression size 15 truncated to fit in target size 14 (VERI-1209)
[EFX-0007 VERI-WARNING] (C:/Efinity/2018.4/project/multiple_image_programming/helloworld/helloworld.v 36) net 'mem' does not have a driver (VDB-1002)
[EFX-0007 VERI-WARNING] (C:/Efinity/2018.4/project/multiple_image_programming/helloworld/helloworld.v 70) expression size 13 truncated to fit in target size 12 (VERI-1209)
[EFX-0007 VERI-WARNING] (C:/Efinity/2018.4/project/multiple_image_programming/helloworld/helloworld.v 36) net 'mem' does not have a driver (VDB-1002)
[EFX-0007 VERI-WARNING] (C:/Efinity/2018.4/project/multiple_image_programming/helloworld/helloworld.v 70) expression size 15 truncated to fit in target size 14 (VERI-1209)
[EFX-0007 VERI-WARNING] (C:/Efinity/2018.4/project/multiple_image_programming/helloworld/helloworld.v 36) net 'mem' does not have a driver (VDB-1002)
